0 info it worked if it ends with ok
1 verbose cli [ '/usr/local/Cellar/node/0.10.25/bin/node',
1 verbose cli   '/usr/local/bin/npm',
1 verbose cli   'publish' ]
2 info using npm@1.3.24
3 info using node@v0.10.25
4 verbose publish [ '.' ]
5 verbose cache add [ '.', null ]
6 verbose cache add name=undefined spec="." args=[".",null]
7 verbose parsed url { protocol: null,
7 verbose parsed url   slashes: null,
7 verbose parsed url   auth: null,
7 verbose parsed url   host: null,
7 verbose parsed url   port: null,
7 verbose parsed url   hostname: null,
7 verbose parsed url   hash: null,
7 verbose parsed url   search: null,
7 verbose parsed url   query: null,
7 verbose parsed url   pathname: '.',
7 verbose parsed url   path: '.',
7 verbose parsed url   href: '.' }
8 silly lockFile 3a52ce78- .
9 verbose lock . /Users/jordan/.npm/3a52ce78-.lock
10 verbose tar pack [ '/var/folders/90/pqrsh2ds1rz_nz7fg6r0w6dr0000gn/T/npm-68466-lodh6u42/1395106562587-0.1158492409158498/tmp.tgz',
10 verbose tar pack   '.' ]
11 verbose tarball /var/folders/90/pqrsh2ds1rz_nz7fg6r0w6dr0000gn/T/npm-68466-lodh6u42/1395106562587-0.1158492409158498/tmp.tgz
12 verbose folder .
13 info prepublish n64controller@0.2.0
14 silly lockFile 1f1177db-tar tar://.
15 verbose lock tar://. /Users/jordan/.npm/1f1177db-tar.lock
16 silly lockFile 09667d0a-62587-0-1158492409158498-tmp-tgz tar:///var/folders/90/pqrsh2ds1rz_nz7fg6r0w6dr0000gn/T/npm-68466-lodh6u42/1395106562587-0.1158492409158498/tmp.tgz
17 verbose lock tar:///var/folders/90/pqrsh2ds1rz_nz7fg6r0w6dr0000gn/T/npm-68466-lodh6u42/1395106562587-0.1158492409158498/tmp.tgz /Users/jordan/.npm/09667d0a-62587-0-1158492409158498-tmp-tgz.lock
18 silly lockFile 1f1177db-tar tar://.
19 silly lockFile 1f1177db-tar tar://.
20 silly lockFile 09667d0a-62587-0-1158492409158498-tmp-tgz tar:///var/folders/90/pqrsh2ds1rz_nz7fg6r0w6dr0000gn/T/npm-68466-lodh6u42/1395106562587-0.1158492409158498/tmp.tgz
21 silly lockFile 09667d0a-62587-0-1158492409158498-tmp-tgz tar:///var/folders/90/pqrsh2ds1rz_nz7fg6r0w6dr0000gn/T/npm-68466-lodh6u42/1395106562587-0.1158492409158498/tmp.tgz
22 verbose tar unpack /var/folders/90/pqrsh2ds1rz_nz7fg6r0w6dr0000gn/T/npm-68466-lodh6u42/1395106562587-0.1158492409158498/tmp.tgz
23 silly lockFile ac87f5b7-62587-0-1158492409158498-package tar:///var/folders/90/pqrsh2ds1rz_nz7fg6r0w6dr0000gn/T/npm-68466-lodh6u42/1395106562587-0.1158492409158498/package
24 verbose lock tar:///var/folders/90/pqrsh2ds1rz_nz7fg6r0w6dr0000gn/T/npm-68466-lodh6u42/1395106562587-0.1158492409158498/package /Users/jordan/.npm/ac87f5b7-62587-0-1158492409158498-package.lock
25 silly lockFile 09667d0a-62587-0-1158492409158498-tmp-tgz tar:///var/folders/90/pqrsh2ds1rz_nz7fg6r0w6dr0000gn/T/npm-68466-lodh6u42/1395106562587-0.1158492409158498/tmp.tgz
26 verbose lock tar:///var/folders/90/pqrsh2ds1rz_nz7fg6r0w6dr0000gn/T/npm-68466-lodh6u42/1395106562587-0.1158492409158498/tmp.tgz /Users/jordan/.npm/09667d0a-62587-0-1158492409158498-tmp-tgz.lock
27 silly gunzTarPerm modes [ '755', '644' ]
28 silly gunzTarPerm extractEntry package.json
29 silly gunzTarPerm extractEntry .npmignore
30 silly gunzTarPerm extractEntry README.md
31 silly gunzTarPerm extractEntry example.js
32 silly gunzTarPerm extractEntry index.js
33 silly lockFile ac87f5b7-62587-0-1158492409158498-package tar:///var/folders/90/pqrsh2ds1rz_nz7fg6r0w6dr0000gn/T/npm-68466-lodh6u42/1395106562587-0.1158492409158498/package
34 silly lockFile ac87f5b7-62587-0-1158492409158498-package tar:///var/folders/90/pqrsh2ds1rz_nz7fg6r0w6dr0000gn/T/npm-68466-lodh6u42/1395106562587-0.1158492409158498/package
35 silly lockFile 09667d0a-62587-0-1158492409158498-tmp-tgz tar:///var/folders/90/pqrsh2ds1rz_nz7fg6r0w6dr0000gn/T/npm-68466-lodh6u42/1395106562587-0.1158492409158498/tmp.tgz
36 silly lockFile 09667d0a-62587-0-1158492409158498-tmp-tgz tar:///var/folders/90/pqrsh2ds1rz_nz7fg6r0w6dr0000gn/T/npm-68466-lodh6u42/1395106562587-0.1158492409158498/tmp.tgz
37 verbose tar pack [ '/Users/jordan/.npm/n64controller/0.2.0/package.tgz',
37 verbose tar pack   '/var/folders/90/pqrsh2ds1rz_nz7fg6r0w6dr0000gn/T/npm-68466-lodh6u42/1395106562587-0.1158492409158498/package' ]
38 verbose tarball /Users/jordan/.npm/n64controller/0.2.0/package.tgz
39 verbose folder /var/folders/90/pqrsh2ds1rz_nz7fg6r0w6dr0000gn/T/npm-68466-lodh6u42/1395106562587-0.1158492409158498/package
40 silly lockFile ac87f5b7-62587-0-1158492409158498-package tar:///var/folders/90/pqrsh2ds1rz_nz7fg6r0w6dr0000gn/T/npm-68466-lodh6u42/1395106562587-0.1158492409158498/package
41 verbose lock tar:///var/folders/90/pqrsh2ds1rz_nz7fg6r0w6dr0000gn/T/npm-68466-lodh6u42/1395106562587-0.1158492409158498/package /Users/jordan/.npm/ac87f5b7-62587-0-1158492409158498-package.lock
42 silly lockFile 92ce2488--n64controller-0-2-0-package-tgz tar:///Users/jordan/.npm/n64controller/0.2.0/package.tgz
43 verbose lock tar:///Users/jordan/.npm/n64controller/0.2.0/package.tgz /Users/jordan/.npm/92ce2488--n64controller-0-2-0-package-tgz.lock
44 silly lockFile ac87f5b7-62587-0-1158492409158498-package tar:///var/folders/90/pqrsh2ds1rz_nz7fg6r0w6dr0000gn/T/npm-68466-lodh6u42/1395106562587-0.1158492409158498/package
45 silly lockFile ac87f5b7-62587-0-1158492409158498-package tar:///var/folders/90/pqrsh2ds1rz_nz7fg6r0w6dr0000gn/T/npm-68466-lodh6u42/1395106562587-0.1158492409158498/package
46 silly lockFile 92ce2488--n64controller-0-2-0-package-tgz tar:///Users/jordan/.npm/n64controller/0.2.0/package.tgz
47 silly lockFile 92ce2488--n64controller-0-2-0-package-tgz tar:///Users/jordan/.npm/n64controller/0.2.0/package.tgz
48 silly lockFile a55c3c22--npm-n64controller-0-2-0-package /Users/jordan/.npm/n64controller/0.2.0/package
49 verbose lock /Users/jordan/.npm/n64controller/0.2.0/package /Users/jordan/.npm/a55c3c22--npm-n64controller-0-2-0-package.lock
50 silly lockFile a55c3c22--npm-n64controller-0-2-0-package /Users/jordan/.npm/n64controller/0.2.0/package
51 silly lockFile a55c3c22--npm-n64controller-0-2-0-package /Users/jordan/.npm/n64controller/0.2.0/package
52 verbose tar unpack /Users/jordan/.npm/n64controller/0.2.0/package.tgz
53 silly lockFile a61c4bb5--npm-n64controller-0-2-0-package tar:///Users/jordan/.npm/n64controller/0.2.0/package
54 verbose lock tar:///Users/jordan/.npm/n64controller/0.2.0/package /Users/jordan/.npm/a61c4bb5--npm-n64controller-0-2-0-package.lock
55 silly lockFile 92ce2488--n64controller-0-2-0-package-tgz tar:///Users/jordan/.npm/n64controller/0.2.0/package.tgz
56 verbose lock tar:///Users/jordan/.npm/n64controller/0.2.0/package.tgz /Users/jordan/.npm/92ce2488--n64controller-0-2-0-package-tgz.lock
57 silly gunzTarPerm modes [ '755', '644' ]
58 silly gunzTarPerm extractEntry package.json
59 silly gunzTarPerm extractEntry .npmignore
60 silly gunzTarPerm extractEntry README.md
61 silly gunzTarPerm extractEntry example.js
62 silly gunzTarPerm extractEntry index.js
63 silly lockFile a61c4bb5--npm-n64controller-0-2-0-package tar:///Users/jordan/.npm/n64controller/0.2.0/package
64 silly lockFile a61c4bb5--npm-n64controller-0-2-0-package tar:///Users/jordan/.npm/n64controller/0.2.0/package
65 silly lockFile 92ce2488--n64controller-0-2-0-package-tgz tar:///Users/jordan/.npm/n64controller/0.2.0/package.tgz
66 silly lockFile 92ce2488--n64controller-0-2-0-package-tgz tar:///Users/jordan/.npm/n64controller/0.2.0/package.tgz
67 verbose chmod /Users/jordan/.npm/n64controller/0.2.0/package.tgz 644
68 verbose chown /Users/jordan/.npm/n64controller/0.2.0/package.tgz [ 501, 20 ]
69 silly lockFile 3a52ce78- .
70 silly lockFile 3a52ce78- .
71 silly publish { name: 'n64controller',
71 silly publish   version: '0.2.0',
71 silly publish   description: 'Exposes an easy to use event interface to a retrolink USB Nintendo 46 controller',
71 silly publish   main: 'index.js',
71 silly publish   scripts: { test: 'echo "Error: no test specified" && exit 1' },
71 silly publish   repository:
71 silly publish    { type: 'git',
71 silly publish      url: 'https://github.com/dustMason/n64controller.git' },
71 silly publish   author: { name: 'Jordan Sitkin' },
71 silly publish   license: 'MIT',
71 silly publish   bugs: { url: 'https://github.com/dustMason/n64controller/issues' },
71 silly publish   homepage: 'https://github.com/dustMason/n64controller',
71 silly publish   dependencies: { 'node-hid': '~0.3.1' },
71 silly publish   readme: 'n64controller\n===\n\nExposes an easy to use event interface to a retrolink USB Nintendo 46 controller. Uses node-hid.\n\n`npm install n64controller`\n\nSee `example.js` for usage.\n',
71 silly publish   readmeFilename: 'README.md',
71 silly publish   _id: 'n64controller@0.2.0',
71 silly publish   dist: { shasum: '293c3b6984bbef5dc749e3c4b915f530f99f5025' },
71 silly publish   _from: '.' }
72 verbose url raw n64controller
73 verbose url resolving [ 'https://registry.npmjs.org/', './n64controller' ]
74 verbose url resolved https://registry.npmjs.org/n64controller
75 info trying registry request attempt 1 at 18:36:02
76 http PUT https://registry.npmjs.org/n64controller
77 http 409 https://registry.npmjs.org/n64controller
78 verbose url raw n64controller
79 verbose url resolving [ 'https://registry.npmjs.org/', './n64controller' ]
80 verbose url resolved https://registry.npmjs.org/n64controller
81 info trying registry request attempt 1 at 18:36:03
82 http GET https://registry.npmjs.org/n64controller
83 http 200 https://registry.npmjs.org/n64controller
84 error publish fail Cannot publish over existing version.
84 error publish fail Update the 'version' field in package.json and try again.
84 error publish fail
84 error publish fail If the previous version was published in error, see:
84 error publish fail     npm help unpublish
84 error publish fail
84 error publish fail To automatically increment version numbers, see:
84 error publish fail     npm help version
85 error System Darwin 13.1.0
86 error command "/usr/local/Cellar/node/0.10.25/bin/node" "/usr/local/bin/npm" "publish"
87 error cwd /Users/jordan/Arduino/N64Controller
88 error node -v v0.10.25
89 error npm -v 1.3.24
90 error code EPUBLISHCONFLICT
91 verbose exit [ 1, true ]
